<?xml version="1.0" encoding="UTF-8"?>
<!-- Generated by org.testng.reporters.JUnitReportReporter -->
<testsuite hostname="DESKTOP-G14U564" name="day02.MyExceptionTest" tests="1" failures="0" timestamp="25 Jul 2018 05:59:29 GMT" time="0.001" errors="0">
  <testcase name="f" time="0.001" classname="day02.MyExceptionTest"/>
</testsuite> <!-- day02.MyExceptionTest -->
