<?xml version="1.0" encoding="UTF-8"?>
<!-- Generated by org.testng.reporters.JUnitReportReporter -->
<testsuite hostname="DESKTOP-G14U564" name="day02.TestRandomEmailGenerator" tests="1" failures="0" timestamp="25 Jul 2018 05:59:29 GMT" time="0.003" errors="0">
  <testcase name="f" time="0.003" classname="day02.TestRandomEmailGenerator"/>
</testsuite> <!-- day02.TestRandomEmailGenerator -->
