<?xml version="1.0" encoding="UTF-8"?>
<!-- Generated by org.testng.reporters.JUnitReportReporter -->
<testsuite hostname="DESKTOP-G14U564" name="day02.GroupTest" tests="5" failures="0" timestamp="25 Jul 2018 05:59:29 GMT" time="0.001" errors="0">
  <testcase name="f3" time="0.000" classname="day02.GroupTest"/>
  <testcase name="f5" time="0.000" classname="day02.GroupTest"/>
  <testcase name="f4" time="0.000" classname="day02.GroupTest"/>
  <testcase name="f2" time="0.000" classname="day02.GroupTest"/>
  <testcase name="f1" time="0.001" classname="day02.GroupTest"/>
</testsuite> <!-- day02.GroupTest -->
