<?xml version="1.0" encoding="UTF-8"?>
<!-- Generated by org.testng.reporters.JUnitReportReporter -->
<testsuite hostname="DESKTOP-G14U564" name="day02.HelloTest" tests="2" failures="0" timestamp="25 Jul 2018 05:59:29 GMT" time="0.001" errors="0">
  <testcase name="f2" time="0.001" classname="day02.HelloTest"/>
  <testcase name="f" time="0.000" classname="day02.HelloTest"/>
</testsuite> <!-- day02.HelloTest -->
