<?xml version="1.0" encoding="UTF-8"?>
<!-- Generated by org.testng.reporters.JUnitReportReporter -->
<testsuite skipped="0" hostname="DESKTOP-G14U564" name="app.test.SearchTest" tests="1" failures="0" timestamp="02 八月 2018 10:40:14 GMT" time="63.130" errors="0">
  <testcase name="testSearch" time="63.130" classname="app.test.SearchTest"/>
</testsuite> <!-- app.test.SearchTest -->
