<?xml version="1.0" encoding="UTF-8"?>
<!-- Generated by org.testng.reporters.JUnitReportReporter -->
<testsuite skipped="0" hostname="DESKTOP-G14U564" name="com.yzc.hrsystem.test.MyLoginFailTest" tests="2" failures="0" timestamp="30 七月 2018 02:07:27 GMT" time="39.478" errors="0">
  <testcase name="loginTest" time="19.845" classname="com.yzc.hrsystem.test.MyLoginFailTest"/>
  <testcase name="loginTest" time="19.633" classname="com.yzc.hrsystem.test.MyLoginFailTest"/>
</testsuite> <!-- com.yzc.hrsystem.test.MyLoginFailTest -->
