<?xml version="1.0" encoding="UTF-8"?>
<!-- Generated by org.testng.reporters.JUnitReportReporter -->
<testsuite skipped="0" hostname="DESKTOP-G14U564" name="com.yzc.mysystem.test.MyLoginSuccessTest" tests="1" failures="0" timestamp="02 八月 2018 15:30:09 GMT" time="19.864" errors="0">
  <testcase name="loginTest" time="19.864" classname="com.yzc.mysystem.test.MyLoginSuccessTest"/>
</testsuite> <!-- com.yzc.mysystem.test.MyLoginSuccessTest -->
