<?xml version="1.0" encoding="UTF-8"?>
<!-- Generated by org.testng.reporters.JUnitReportReporter -->
<testsuite skipped="0" hostname="DESKTOP-G14U564" name="com.yzc.hrsystem.test.RemoteFirefoxTest" tests="1" failures="0" timestamp="27 七月 2018 05:11:53 GMT" time="13.286" errors="0">
  <testcase name="f" time="13.286" classname="com.yzc.hrsystem.test.RemoteFirefoxTest"/>
</testsuite> <!-- com.yzc.hrsystem.test.RemoteFirefoxTest -->
