<?xml version="1.0" encoding="UTF-8"?>
<!-- Generated by org.testng.reporters.JUnitReportReporter -->
<testsuite skipped="0" hostname="DESKTOP-G14U564" name="com.yzc.hrsystem.test.MyLoginSuccessTest" tests="1" failures="0" timestamp="30 七月 2018 02:07:27 GMT" time="19.822" errors="0">
  <testcase name="loginTest" time="19.822" classname="com.yzc.hrsystem.test.MyLoginSuccessTest"/>
</testsuite> <!-- com.yzc.hrsystem.test.MyLoginSuccessTest -->
