<?xml version="1.0" encoding="UTF-8"?>
<!-- Generated by org.testng.reporters.JUnitReportReporter -->
<testsuite skipped="0" hostname="DESKTOP-G14U564" name="com.yzc.mysystem.test.RemoteInternetExplorerTest" tests="1" failures="0" timestamp="02 八月 2018 14:23:55 GMT" time="14.187" errors="0">
  <testcase name="f" time="14.187" classname="com.yzc.mysystem.test.RemoteInternetExplorerTest"/>
</testsuite> <!-- com.yzc.mysystem.test.RemoteInternetExplorerTest -->
