<?xml version="1.0" encoding="UTF-8"?>
<!-- Generated by org.testng.reporters.JUnitReportReporter -->
<testsuite skipped="0" hostname="DESKTOP-G14U564" name="com.yzc.hrsystem.test.FindElmentsTest" tests="1" failures="0" timestamp="27 七月 2018 01:48:09 GMT" time="7.498" errors="0">
  <testcase name="f" time="7.498" classname="com.yzc.hrsystem.test.FindElmentsTest"/>
</testsuite> <!-- com.yzc.hrsystem.test.FindElmentsTest -->
