<?xml version="1.0" encoding="UTF-8"?>
<!-- Generated by org.testng.reporters.JUnitReportReporter -->
<testsuite skipped="0" hostname="DESKTOP-G14U564" name="app.test.QQTest" tests="1" failures="0" timestamp="02 八月 2018 05:40:46 GMT" time="42.383" errors="0">
  <testcase name="testAdd" time="42.383" classname="app.test.QQTest"/>
</testsuite> <!-- app.test.QQTest -->
