<?xml version="1.0" encoding="UTF-8"?>
<!-- Generated by org.testng.reporters.JUnitReportReporter -->
<testsuite skipped="0" hostname="DESKTOP-G14U564" name="com.yzc.mysystem.test.MyLoginFailTest" tests="2" failures="0" timestamp="02 八月 2018 15:30:09 GMT" time="38.816" errors="0">
  <testcase name="loginTest" time="19.356" classname="com.yzc.mysystem.test.MyLoginFailTest"/>
  <testcase name="loginTest" time="19.460" classname="com.yzc.mysystem.test.MyLoginFailTest"/>
</testsuite> <!-- com.yzc.mysystem.test.MyLoginFailTest -->
