<?xml version="1.0" encoding="UTF-8"?>
<!-- Generated by org.testng.reporters.JUnitReportReporter -->
<testsuite skipped="0" hostname="DESKTOP-G14U564" name="com.yzc.hrsystem.test.LoginTest" tests="1" failures="0" timestamp="26 七月 2018 08:17:49 GMT" time="12.492" errors="0">
  <testcase name="loginTest" time="12.492" classname="com.yzc.hrsystem.test.LoginTest"/>
</testsuite> <!-- com.yzc.hrsystem.test.LoginTest -->
