<?xml version="1.0" encoding="UTF-8"?>
<!-- Generated by org.testng.reporters.JUnitReportReporter -->
<testsuite skipped="0" hostname="DESKTOP-G14U564" name="com.yzc.hrsystem.test.SelectListBoxTest" tests="1" failures="0" timestamp="27 七月 2018 07:43:26 GMT" time="14.403" errors="0">
  <testcase name="f" time="14.403" classname="com.yzc.hrsystem.test.SelectListBoxTest"/>
</testsuite> <!-- com.yzc.hrsystem.test.SelectListBoxTest -->
