<?xml version="1.0" encoding="UTF-8"?>
<!-- Generated by org.testng.reporters.JUnitReportReporter -->
<testsuite skipped="0" hostname="DESKTOP-G14U564" name="com.yzc.hrsystem.test.MyLoginTest2" tests="2" failures="0" timestamp="27 七月 2018 01:20:10 GMT" time="24.288" errors="0">
  <testcase name="loginTest" time="12.110" classname="com.yzc.hrsystem.test.MyLoginTest2"/>
  <testcase name="loginTest" time="12.178" classname="com.yzc.hrsystem.test.MyLoginTest2"/>
</testsuite> <!-- com.yzc.hrsystem.test.MyLoginTest2 -->
