<?xml version="1.0" encoding="UTF-8"?>
<!-- Generated by org.testng.reporters.JUnitReportReporter -->
<testsuite skipped="0" hostname="DESKTOP-G14U564" name="app.test.AppTest2" tests="1" failures="0" timestamp="04 八月 2018 02:56:32 GMT" time="45.832" errors="0">
  <testcase name="testAdd" time="45.832" classname="app.test.AppTest2"/>
</testsuite> <!-- app.test.AppTest2 -->
