<?xml version="1.0" encoding="UTF-8"?>
<!-- Generated by org.testng.reporters.JUnitReportReporter -->
<testsuite skipped="0" hostname="DESKTOP-G14U564" name="com.yzc.hrsystem.test.MyLoginTest" tests="5" failures="0" timestamp="26 七月 2018 10:06:21 GMT" time="57.226" errors="0">
  <testcase name="loginTest" time="10.481" classname="com.yzc.hrsystem.test.MyLoginTest"/>
  <testcase name="loginTest" time="15.491" classname="com.yzc.hrsystem.test.MyLoginTest"/>
  <testcase name="loginTest" time="10.015" classname="com.yzc.hrsystem.test.MyLoginTest"/>
  <testcase name="loginTest" time="11.161" classname="com.yzc.hrsystem.test.MyLoginTest"/>
  <testcase name="loginTest" time="10.078" classname="com.yzc.hrsystem.test.MyLoginTest"/>
</testsuite> <!-- com.yzc.hrsystem.test.MyLoginTest -->
