<?xml version="1.0" encoding="UTF-8"?>
<!-- Generated by org.testng.reporters.JUnitReportReporter -->
<testsuite skipped="0" hostname="DESKTOP-G14U564" name="com.yzc.mysystem.test.RemoteFirefoxTest" tests="1" failures="0" timestamp="02 八月 2018 14:23:55 GMT" time="15.998" errors="0">
  <testcase name="f" time="15.998" classname="com.yzc.mysystem.test.RemoteFirefoxTest"/>
</testsuite> <!-- com.yzc.mysystem.test.RemoteFirefoxTest -->
