<?xml version="1.0" encoding="UTF-8"?>
<!-- Generated by org.testng.reporters.JUnitReportReporter -->
<testsuite skipped="0" hostname="DESKTOP-G14U564" name="com.yzc.hrsystem.test.RemoteChromeTest" tests="1" failures="0" timestamp="27 七月 2018 05:11:53 GMT" time="14.910" errors="0">
  <testcase name="f" time="14.910" classname="com.yzc.hrsystem.test.RemoteChromeTest"/>
</testsuite> <!-- com.yzc.hrsystem.test.RemoteChromeTest -->
