<?xml version="1.0" encoding="UTF-8" ?>
<testsuite tests="11" failures="1" name="TestSuite" time="3.015" errors="0" skipped="0">
  <properties>
    <property name="java.runtime.name" value="Java(TM) SE Runtime Environment"/>
    <property name="sun.boot.library.path" value="C:\Java\jdk8\jre\bin"/>
    <property name="java.vm.version" value="25.144-b01"/>
    <property name="java.vm.vendor" value="Oracle Corporation"/>
    <property name="maven.multiModuleProjectDirectory" value="D:\yangzc\ranther\demo"/>
    <property name="java.vendor.url" value="http://java.oracle.com/"/>
    <property name="path.separator" value=";"/>
    <property name="guice.disable.misplaced.annotation.check" value="true"/>
    <property name="java.vm.name" value="Java HotSpot(TM) Client VM"/>
    <property name="file.encoding.pkg" value="sun.io"/>
    <property name="user.script" value=""/>
    <property name="user.country" value="CN"/>
    <property name="sun.java.launcher" value="SUN_STANDARD"/>
    <property name="sun.os.patch.level" value=""/>
    <property name="java.vm.specification.name" value="Java Virtual Machine Specification"/>
    <property name="user.dir" value="D:\yangzc\ranther\demo"/>
    <property name="java.runtime.version" value="1.8.0_144-b01"/>
    <property name="java.awt.graphicsenv" value="sun.awt.Win32GraphicsEnvironment"/>
    <property name="java.endorsed.dirs" value="C:\Java\jdk8\jre\lib\endorsed"/>
    <property name="os.arch" value="x86"/>
    <property name="java.io.tmpdir" value="C:\Users\yangzc\AppData\Local\Temp\"/>
    <property name="line.separator" value="
"/>
    <property name="java.vm.specification.vendor" value="Oracle Corporation"/>
    <property name="user.variant" value=""/>
    <property name="os.name" value="Windows 10"/>
    <property name="classworlds.conf" value="D:\yangzc\ranther\.metadata\.plugins\org.eclipse.m2e.launching\launches\m2conf8672838058129259031.tmp"/>
    <property name="sun.jnu.encoding" value="GBK"/>
    <property name="java.library.path" value="C:\Java\jdk8\bin;C:\WINDOWS\Sun\Java\bin;C:\WINDOWS\system32;C:\WINDOWS;C:/Java/jdk8/bin/../jre/bin/client;C:/Java/jdk8/bin/../jre/bin;C:/Java/jdk8/bin/../jre/lib/i386;D:\db-derby-10.14.2.0-bin\bin;C:\Java\jdk8\bin;H:\app\yangzc\product\11.2.0\dbhome_1\bin;C:\Program Files (x86)\Common Files\Oracle\Java\javapath;D:\Android\android-sdk\tools;D:\Android\android-sdk\platform-tools;C:\ProgramData\Oracle\Java\javapath;C:\Program Files (x86)\Intel\iCLS Client\;C:\Program Files\Intel\iCLS Client\;C:\WINDOWS\system32;C:\WINDOWS;C:\WINDOWS\System32\Wbem;C:\WINDOWS\System32\WindowsPowerShell\v1.0\;C:\Program Files (x86)\Intel\Intel(R) Management Engine Components\DAL;C:\Program Files\Intel\Intel(R) Management Engine Components\DAL;C:\Program Files (x86)\Intel\Intel(R) Management Engine Components\IPT;C:\Program Files\Intel\Intel(R) Management Engine Components\IPT;D:\apache-maven-3.5.2\bin;D:\Program Files\Git\cmd;D:\Python27;D:\Python27\Scripts;C:\Program Files\TortoiseSVN\bin;C:\WINDOWS\System32\OpenSSH\;C:\Program Files (x86)\Microsoft SQL Server\130\Tools\Binn\;C:\Program Files\Microsoft SQL Server\130\Tools\Binn\;C:\Program Files (x86)\Microsoft SQL Server\130\DTS\Binn\;C:\Program Files\Microsoft SQL Server\130\DTS\Binn\;C:\Program Files\Microsoft SQL Server\Client SDK\ODBC\130\Tools\Binn\;C:\Program Files (x86)\Microsoft SQL Server\Client SDK\ODBC\130\Tools\Binn\;C:\Program Files (x86)\Microsoft SQL Server\140\Tools\Binn\;C:\Program Files (x86)\Microsoft SQL Server\140\DTS\Binn\;C:\Program Files (x86)\Microsoft SQL Server\140\Tools\Binn\ManagementStudio\;C:\Program Files\VisualSVN Server\bin;C:\strawberry\c\bin;C:\strawberry\perl\bin;C:\Users\yangzc\AppData\Local\Microsoft\WindowsApps;;D:\eclipse;;."/>
    <property name="java.specification.name" value="Java Platform API Specification"/>
    <property name="java.class.version" value="52.0"/>
    <property name="sun.management.compiler" value="HotSpot Client Compiler"/>
    <property name="os.version" value="10.0"/>
    <property name="user.home" value="C:\Users\yangzc"/>
    <property name="user.timezone" value="Asia/Shanghai"/>
    <property name="java.awt.printerjob" value="sun.awt.windows.WPrinterJob"/>
    <property name="java.specification.version" value="1.8"/>
    <property name="file.encoding" value="GBK"/>
    <property name="user.name" value="yangzc"/>
    <property name="java.class.path" value="D:\apache-maven-3.5.2\boot\plexus-classworlds-2.5.2.jar"/>
    <property name="java.vm.specification.version" value="1.8"/>
    <property name="sun.arch.data.model" value="32"/>
    <property name="java.home" value="C:\Java\jdk8\jre"/>
    <property name="sun.java.command" value="org.codehaus.plexus.classworlds.launcher.Launcher -B -s D:\apache-maven-3.5.2\conf\settings.xml install"/>
    <property name="java.specification.vendor" value="Oracle Corporation"/>
    <property name="user.language" value="zh"/>
    <property name="awt.toolkit" value="sun.awt.windows.WToolkit"/>
    <property name="java.vm.info" value="mixed mode, sharing"/>
    <property name="java.version" value="1.8.0_144"/>
    <property name="java.ext.dirs" value="C:\Java\jdk8\jre\lib\ext;C:\WINDOWS\Sun\Java\lib\ext"/>
    <property name="sun.boot.class.path" value="C:\Java\jdk8\jre\lib\resources.jar;C:\Java\jdk8\jre\lib\rt.jar;C:\Java\jdk8\jre\lib\sunrsasign.jar;C:\Java\jdk8\jre\lib\jsse.jar;C:\Java\jdk8\jre\lib\jce.jar;C:\Java\jdk8\jre\lib\charsets.jar;C:\Java\jdk8\jre\lib\jfr.jar;C:\Java\jdk8\jre\classes"/>
    <property name="java.vendor" value="Oracle Corporation"/>
    <property name="maven.home" value="D:\apache-maven-3.5.2"/>
    <property name="file.separator" value="\"/>
    <property name="java.vendor.url.bug" value="http://bugreport.sun.com/bugreport/"/>
    <property name="sun.cpu.endian" value="little"/>
    <property name="sun.io.unicode.encoding" value="UnicodeLittle"/>
    <property name="sun.desktop" value="windows"/>
    <property name="sun.cpu.isalist" value="pentium_pro+mmx pentium_pro pentium+mmx pentium i486 i386 i86"/>
  </properties>
  <testcase classname="day02.GroupTest" name="f1" time="0.001"/>
  <testcase classname="day02.GroupTest" name="f2" time="0"/>
  <testcase classname="day02.GroupTest" name="f3" time="0.001"/>
  <testcase classname="day02.GroupTest" name="f4" time="0"/>
  <testcase classname="day02.HelloTest" name="f" time="0"/>
  <testcase classname="day02.HelloTest" name="f2" time="0"/>
  <testcase classname="day02.IgnoreTest" name="f1" time="0"/>
  <testcase classname="day02.MyExceptionTest" name="f" time="0.001"/>
  <testcase classname="day02.OverTimeTest" name="f" time="3.009">
    <failure message="Method org.testng.internal.TestNGMethod.f() didn&apos;t finish within the time-out 3000" type="org.testng.internal.thread.ThreadTimeoutException">org.testng.internal.thread.ThreadTimeoutException: Method org.testng.internal.TestNGMethod.f() didn&apos;t finish within the time-out 3000
	at day02.Fibonacci.getFib(Fibonacci.java:24)
	at day02.Fibonacci.getFib(Fibonacci.java:24)
	at day02.Fibonacci.getFib(Fibonacci.java:24)
	at day02.Fibonacci.getFib(Fibonacci.java:24)
	at day02.Fibonacci.getFib(Fibonacci.java:24)
	at day02.Fibonacci.getFib(Fibonacci.java:24)
	at day02.Fibonacci.getFib(Fibonacci.java:24)
	at day02.Fibonacci.getFib(Fibonacci.java:24)
	at day02.Fibonacci.getFib(Fibonacci.java:24)
	at day02.Fibonacci.getFib(Fibonacci.java:24)
	at day02.Fibonacci.getFib(Fibonacci.java:24)
	at day02.Fibonacci.getFib(Fibonacci.java:24)
	at day02.Fibonacci.getFib(Fibonacci.java:24)
	at day02.Fibonacci.getFib(Fibonacci.java:24)
	at day02.Fibonacci.getFib(Fibonacci.java:24)
	at day02.Fibonacci.getFib(Fibonacci.java:24)
	at day02.Fibonacci.getFib(Fibonacci.java:24)
	at day02.Fibonacci.getFib(Fibonacci.java:24)
	at day02.Fibonacci.getFib(Fibonacci.java:24)
	at day02.Fibonacci.getFib(Fibonacci.java:24)
	at day02.Fibonacci.getFib(Fibonacci.java:24)
	at day02.Fibonacci.getFib(Fibonacci.java:24)
	at day02.Fibonacci.getFib(Fibonacci.java:24)
	at day02.Fibonacci.getFib(Fibonacci.java:24)
	at day02.Fibonacci.getFib(Fibonacci.java:24)
	at day02.Fibonacci.getFib(Fibonacci.java:24)
	at day02.Fibonacci.getFib(Fibonacci.java:24)
	at day02.Fibonacci.getFib(Fibonacci.java:24)
	at day02.Fibonacci.getFib(Fibonacci.java:24)
	at day02.Fibonacci.getFib(Fibonacci.java:24)
	at day02.Fibonacci.getFib(Fibonacci.java:24)
	at day02.Fibonacci.getFib(Fibonacci.java:24)
	at day02.Fibonacci.getFib(Fibonacci.java:24)
	at day02.OverTimeTest.f(OverTimeTest.java:9)
</failure>
    <system-out>overtime test
</system-out>
  </testcase>
  <testcase classname="day02.TestRandomEmailGenerator" name="f" time="0.002"/>
  <testcase classname="day02.GroupTest" name="f5" time="0.001"/>
</testsuite>