<?xml version="1.0" encoding="UTF-8"?>
<!-- Generated by org.testng.reporters.JUnitReportReporter -->
<testsuite hostname="DESKTOP-G14U564" name="day02.GroupTest" tests="2" failures="0" timestamp="25 Jul 2018 06:37:18 GMT" time="0.006" errors="0">
  <testcase name="f4" time="0.002" classname="day02.GroupTest"/>
  <testcase name="f3" time="0.004" classname="day02.GroupTest"/>
</testsuite> <!-- day02.GroupTest -->
