<?xml version="1.0" encoding="UTF-8"?>
<!-- Generated by org.testng.reporters.JUnitReportReporter -->
<testsuite skipped="0" hostname="DESKTOP-G14U564" name="examples.GetRequestTest" tests="1" failures="0" timestamp="31 七月 2018 10:32:26 GMT" time="1.770" errors="0">
  <testcase name="f" time="1.770" classname="examples.GetRequestTest"/>
</testsuite> <!-- examples.GetRequestTest -->
