<?xml version="1.0" encoding="UTF-8"?>
<!-- Generated by org.testng.reporters.JUnitReportReporter -->
<testsuite skipped="0" hostname="DESKTOP-G14U564" name="examples.XML51JobReadTest" tests="1" failures="0" timestamp="05 八月 2018 04:24:04 GMT" time="0.065" errors="0">
  <testcase name="read" time="0.065" classname="examples.XML51JobReadTest"/>
</testsuite> <!-- examples.XML51JobReadTest -->
