<?xml version="1.0" encoding="UTF-8"?>
<!-- Generated by org.testng.reporters.JUnitReportReporter -->
<testsuite skipped="0" hostname="DESKTOP-G14U564" name="examples.PostRequestTest" tests="1" failures="0" timestamp="31 七月 2018 03:46:30 GMT" time="0.537" errors="0">
  <testcase name="f" time="0.537" classname="examples.PostRequestTest"/>
</testsuite> <!-- examples.PostRequestTest -->
