<?xml version="1.0" encoding="UTF-8"?>
<!-- Generated by org.testng.reporters.JUnitReportReporter -->
<testsuite hostname="DESKTOP-G14U564" name="day02.RegExUtilsTest" tests="5" failures="0" timestamp="25 Jul 2018 08:10:36 GMT" time="0.018" errors="0">
  <testcase name="testIdentityCard" time="0.001" classname="day02.RegExUtilsTest"/>
  <testcase name="testGetFib" time="0.001" classname="day02.RegExUtilsTest"/>
  <testcase name="testGetFib" time="0.001" classname="day02.RegExUtilsTest"/>
  <testcase name="testIdentityCard" time="0.003" classname="day02.RegExUtilsTest"/>
  <testcase name="testGetFib" time="0.012" classname="day02.RegExUtilsTest"/>
</testsuite> <!-- day02.RegExUtilsTest -->
