<?xml version="1.0" encoding="UTF-8"?>
<!-- Generated by org.testng.reporters.JUnitReportReporter -->
<testsuite skipped="0" hostname="DESKTOP-G14U564" name="examples.VideoUploadTest" tests="1" failures="0" timestamp="01 八月 2018 09:36:24 GMT" time="4.366" errors="0">
  <testcase name="f" time="4.366" classname="examples.VideoUploadTest"/>
</testsuite> <!-- examples.VideoUploadTest -->
