<?xml version="1.0" encoding="UTF-8"?>
<!-- Generated by org.testng.reporters.JUnitReportReporter -->
<testsuite skipped="0" hostname="DESKTOP-G14U564" name="examples.QQTest" tests="1" failures="0" timestamp="01 八月 2018 10:26:55 GMT" time="1.226" errors="0">
  <testcase name="f" time="1.226" classname="examples.QQTest"/>
</testsuite> <!-- examples.QQTest -->
