<?xml version="1.0" encoding="UTF-8"?>
<!-- Generated by org.testng.reporters.JUnitReportReporter -->
<testsuite skipped="0" hostname="DESKTOP-G14U564" name="examples.JSONParseTest" tests="1" failures="0" timestamp="31 七月 2018 08:10:39 GMT" time="0.119" errors="0">
  <testcase name="f" time="0.119" classname="examples.JSONParseTest"/>
</testsuite> <!-- examples.JSONParseTest -->
