<?xml version="1.0" encoding="UTF-8"?>
<!-- Generated by org.testng.reporters.JUnitReportReporter -->
<testsuite skipped="0" hostname="DESKTOP-G14U564" name="examples.XMLTest" tests="1" failures="0" timestamp="31 七月 2018 11:41:03 GMT" time="0.058" errors="0">
  <testcase name="delete" time="0.058" classname="examples.XMLTest"/>
</testsuite> <!-- examples.XMLTest -->
