<?xml version="1.0" encoding="UTF-8"?>
<!-- Generated by org.testng.reporters.JUnitReportReporter -->
<testsuite hostname="DESKTOP-G14U564" name="day02.DependencyTest" tests="2" failures="0" timestamp="25 Jul 2018 06:48:08 GMT" time="0.011" errors="0">
  <testcase name="f1" time="0.001" classname="day02.DependencyTest"/>
  <testcase name="f2" time="0.010" classname="day02.DependencyTest"/>
</testsuite> <!-- day02.DependencyTest -->
