<?xml version="1.0" encoding="UTF-8"?>
<!-- Generated by org.testng.reporters.JUnitReportReporter -->
<testsuite hostname="DESKTOP-G14U564" name="day02.GroupTest2" tests="2" failures="0" timestamp="25 Jul 2018 06:37:18 GMT" time="0.002" errors="0">
  <testcase name="f7" time="0.001" classname="day02.GroupTest2"/>
  <testcase name="f6" time="0.001" classname="day02.GroupTest2"/>
</testsuite> <!-- day02.GroupTest2 -->
