<?xml version="1.0" encoding="UTF-8"?>
<!-- Generated by org.testng.reporters.JUnitReportReporter -->
<testsuite hostname="DESKTOP-G14U564" name="day02.IgnoreTest" tests="1" failures="0" timestamp="25 Jul 2018 05:35:12 GMT" time="0.010" errors="0">
  <testcase name="f1" time="0.010" classname="day02.IgnoreTest"/>
</testsuite> <!-- day02.IgnoreTest -->
