<?xml version="1.0" encoding="UTF-8"?>
<!-- Generated by org.testng.reporters.JUnitReportReporter -->
<testsuite skipped="0" hostname="DESKTOP-G14U564" name="examples.PublishRequestTest" tests="1" failures="0" timestamp="31 七月 2018 10:07:30 GMT" time="0.772" errors="0">
  <testcase name="f" time="0.772" classname="examples.PublishRequestTest"/>
</testsuite> <!-- examples.PublishRequestTest -->
