<?xml version="1.0" encoding="UTF-8"?>
<!-- Generated by org.testng.reporters.JUnitReportReporter -->
<testsuite hostname="DESKTOP-G14U564" name="day02.FibonacciTest" tests="1" failures="0" timestamp="25 Jul 2018 07:08:08 GMT" time="0.013" errors="0">
  <testcase name="f" time="0.013" classname="day02.FibonacciTest"/>
</testsuite> <!-- day02.FibonacciTest -->
