<?xml version="1.0" encoding="UTF-8"?>
<!-- Generated by org.testng.reporters.JUnitReportReporter -->
<testsuite skipped="0" hostname="DESKTOP-G14U564" name="examples.XMLReadTest" tests="1" failures="0" timestamp="01 八月 2018 03:53:35 GMT" time="0.059" errors="0">
  <testcase name="read" time="0.059" classname="examples.XMLReadTest"/>
</testsuite> <!-- examples.XMLReadTest -->
